<?xml version="1.0" encoding="UTF-8"?>
<testsuite xmlns:xsi="http://www.w3.org/2001/XMLSchema-instance" xsi:noNamespaceSchemaLocation="https://maven.apache.org/surefire/maven-surefire-plugin/xsd/surefire-test-report-3.0.xsd" version="3.0" name="com.fq.yznu.eaps.service.UserServiceTest" time="0.143" tests="5" errors="0" skipped="0" failures="0">
  <properties>
    <property name="java.specification.version" value="17"/>
    <property name="sun.cpu.isalist" value="amd64"/>
    <property name="sun.jnu.encoding" value="GBK"/>
    <property name="java.class.path" value="C:\Users\YnLM\Desktop\BISHE\project\eaps\target\test-classes;C:\Users\YnLM\Desktop\BISHE\project\eaps\target\classes;D:\Project resources\soft\repository\org\springframework\boot\spring-boot-starter-web\3.2.0\spring-boot-starter-web-3.2.0.jar;D:\Project resources\soft\repository\org\springframework\boot\spring-boot-starter\3.2.0\spring-boot-starter-3.2.0.jar;D:\Project resources\soft\repository\org\springframework\boot\spring-boot\3.2.0\spring-boot-3.2.0.jar;D:\Project resources\soft\repository\org\springframework\boot\spring-boot-starter-logging\3.2.0\spring-boot-starter-logging-3.2.0.jar;D:\Project resources\soft\repository\ch\qos\logback\logback-classic\1.4.11\logback-classic-1.4.11.jar;D:\Project resources\soft\repository\ch\qos\logback\logback-core\1.4.11\logback-core-1.4.11.jar;D:\Project resources\soft\repository\org\apache\logging\log4j\log4j-to-slf4j\2.21.1\log4j-to-slf4j-2.21.1.jar;D:\Project resources\soft\repository\org\apache\logging\log4j\log4j-api\2.21.1\log4j-api-2.21.1.jar;D:\Project resources\soft\repository\org\slf4j\jul-to-slf4j\2.0.9\jul-to-slf4j-2.0.9.jar;D:\Project resources\soft\repository\jakarta\annotation\jakarta.annotation-api\2.1.1\jakarta.annotation-api-2.1.1.jar;D:\Project resources\soft\repository\org\yaml\snakeyaml\2.2\snakeyaml-2.2.jar;D:\Project resources\soft\repository\org\springframework\boot\spring-boot-starter-json\3.2.0\spring-boot-starter-json-3.2.0.jar;D:\Project resources\soft\repository\com\fasterxml\jackson\datatype\jackson-datatype-jdk8\2.15.3\jackson-datatype-jdk8-2.15.3.jar;D:\Project resources\soft\repository\com\fasterxml\jackson\datatype\jackson-datatype-jsr310\2.15.3\jackson-datatype-jsr310-2.15.3.jar;D:\Project resources\soft\repository\com\fasterxml\jackson\module\jackson-module-parameter-names\2.15.3\jackson-module-parameter-names-2.15.3.jar;D:\Project resources\soft\repository\org\springframework\boot\spring-boot-starter-tomcat\3.2.0\spring-boot-starter-tomcat-3.2.0.jar;D:\Project resources\soft\repository\org\apache\tomcat\embed\tomcat-embed-core\10.1.16\tomcat-embed-core-10.1.16.jar;D:\Project resources\soft\repository\org\apache\tomcat\embed\tomcat-embed-websocket\10.1.16\tomcat-embed-websocket-10.1.16.jar;D:\Project resources\soft\repository\org\springframework\spring-web\6.1.1\spring-web-6.1.1.jar;D:\Project resources\soft\repository\org\springframework\spring-beans\6.1.1\spring-beans-6.1.1.jar;D:\Project resources\soft\repository\io\micrometer\micrometer-observation\1.12.0\micrometer-observation-1.12.0.jar;D:\Project resources\soft\repository\io\micrometer\micrometer-commons\1.12.0\micrometer-commons-1.12.0.jar;D:\Project resources\soft\repository\org\springframework\spring-webmvc\6.1.1\spring-webmvc-6.1.1.jar;D:\Project resources\soft\repository\org\springframework\spring-context\6.1.1\spring-context-6.1.1.jar;D:\Project resources\soft\repository\org\springframework\spring-expression\6.1.1\spring-expression-6.1.1.jar;D:\Project resources\soft\repository\com\mysql\mysql-connector-j\8.1.0\mysql-connector-j-8.1.0.jar;D:\Project resources\soft\repository\com\baomidou\mybatis-plus-boot-starter\3.5.5\mybatis-plus-boot-starter-3.5.5.jar;D:\Project resources\soft\repository\com\baomidou\mybatis-plus\3.5.5\mybatis-plus-3.5.5.jar;D:\Project resources\soft\repository\com\baomidou\mybatis-plus-core\3.5.5\mybatis-plus-core-3.5.5.jar;D:\Project resources\soft\repository\com\baomidou\mybatis-plus-annotation\3.5.5\mybatis-plus-annotation-3.5.5.jar;D:\Project resources\soft\repository\com\baomidou\mybatis-plus-extension\3.5.5\mybatis-plus-extension-3.5.5.jar;D:\Project resources\soft\repository\org\mybatis\mybatis\3.5.15\mybatis-3.5.15.jar;D:\Project resources\soft\repository\com\github\jsqlparser\jsqlparser\4.6\jsqlparser-4.6.jar;D:\Project resources\soft\repository\com\baomidou\mybatis-plus-spring-boot-autoconfigure\3.5.5\mybatis-plus-spring-boot-autoconfigure-3.5.5.jar;D:\Project resources\soft\repository\org\springframework\boot\spring-boot-autoconfigure\3.2.0\spring-boot-autoconfigure-3.2.0.jar;D:\Project resources\soft\repository\org\springframework\boot\spring-boot-starter-jdbc\3.2.0\spring-boot-starter-jdbc-3.2.0.jar;D:\Project resources\soft\repository\com\zaxxer\HikariCP\5.0.1\HikariCP-5.0.1.jar;D:\Project resources\soft\repository\org\springframework\spring-jdbc\6.1.1\spring-jdbc-6.1.1.jar;D:\Project resources\soft\repository\com\alibaba\druid-spring-boot-starter\1.2.22\druid-spring-boot-starter-1.2.22.jar;D:\Project resources\soft\repository\com\alibaba\druid\1.2.22\druid-1.2.22.jar;D:\Project resources\soft\repository\org\slf4j\slf4j-api\2.0.9\slf4j-api-2.0.9.jar;D:\Project resources\soft\repository\org\glassfish\jaxb\jaxb-runtime\4.0.4\jaxb-runtime-4.0.4.jar;D:\Project resources\soft\repository\org\glassfish\jaxb\jaxb-core\4.0.4\jaxb-core-4.0.4.jar;D:\Project resources\soft\repository\org\glassfish\jaxb\txw2\4.0.4\txw2-4.0.4.jar;D:\Project resources\soft\repository\com\sun\istack\istack-commons-runtime\4.1.2\istack-commons-runtime-4.1.2.jar;D:\Project resources\soft\repository\org\mybatis\mybatis-spring\3.0.3\mybatis-spring-3.0.3.jar;D:\Project resources\soft\repository\org\springframework\boot\spring-boot-starter-data-redis\3.2.0\spring-boot-starter-data-redis-3.2.0.jar;D:\Project resources\soft\repository\io\lettuce\lettuce-core\6.3.0.RELEASE\lettuce-core-6.3.0.RELEASE.jar;D:\Project resources\soft\repository\io\netty\netty-common\4.1.101.Final\netty-common-4.1.101.Final.jar;D:\Project resources\soft\repository\io\netty\netty-handler\4.1.101.Final\netty-handler-4.1.101.Final.jar;D:\Project resources\soft\repository\io\netty\netty-resolver\4.1.101.Final\netty-resolver-4.1.101.Final.jar;D:\Project resources\soft\repository\io\netty\netty-buffer\4.1.101.Final\netty-buffer-4.1.101.Final.jar;D:\Project resources\soft\repository\io\netty\netty-transport-native-unix-common\4.1.101.Final\netty-transport-native-unix-common-4.1.101.Final.jar;D:\Project resources\soft\repository\io\netty\netty-codec\4.1.101.Final\netty-codec-4.1.101.Final.jar;D:\Project resources\soft\repository\io\netty\netty-transport\4.1.101.Final\netty-transport-4.1.101.Final.jar;D:\Project resources\soft\repository\io\projectreactor\reactor-core\3.6.0\reactor-core-3.6.0.jar;D:\Project resources\soft\repository\org\reactivestreams\reactive-streams\1.0.4\reactive-streams-1.0.4.jar;D:\Project resources\soft\repository\org\springframework\data\spring-data-redis\3.2.0\spring-data-redis-3.2.0.jar;D:\Project resources\soft\repository\org\springframework\data\spring-data-keyvalue\3.2.0\spring-data-keyvalue-3.2.0.jar;D:\Project resources\soft\repository\org\springframework\spring-tx\6.1.1\spring-tx-6.1.1.jar;D:\Project resources\soft\repository\org\springframework\spring-oxm\6.1.1\spring-oxm-6.1.1.jar;D:\Project resources\soft\repository\org\springframework\boot\spring-boot-starter-security\3.2.0\spring-boot-starter-security-3.2.0.jar;D:\Project resources\soft\repository\org\springframework\spring-aop\6.1.1\spring-aop-6.1.1.jar;D:\Project resources\soft\repository\org\springframework\security\spring-security-config\6.2.0\spring-security-config-6.2.0.jar;D:\Project resources\soft\repository\org\springframework\security\spring-security-web\6.2.0\spring-security-web-6.2.0.jar;D:\Project resources\soft\repository\io\jsonwebtoken\jjwt-api\0.12.3\jjwt-api-0.12.3.jar;D:\Project resources\soft\repository\io\jsonwebtoken\jjwt-impl\0.12.3\jjwt-impl-0.12.3.jar;D:\Project resources\soft\repository\io\jsonwebtoken\jjwt-jackson\0.12.3\jjwt-jackson-0.12.3.jar;D:\Project resources\soft\repository\com\fasterxml\jackson\core\jackson-databind\2.15.3\jackson-databind-2.15.3.jar;D:\Project resources\soft\repository\com\fasterxml\jackson\core\jackson-annotations\2.15.3\jackson-annotations-2.15.3.jar;D:\Project resources\soft\repository\com\fasterxml\jackson\core\jackson-core\2.15.3\jackson-core-2.15.3.jar;D:\Project resources\soft\repository\org\springframework\boot\spring-boot-starter-websocket\3.2.0\spring-boot-starter-websocket-3.2.0.jar;D:\Project resources\soft\repository\org\springframework\spring-messaging\6.1.1\spring-messaging-6.1.1.jar;D:\Project resources\soft\repository\org\springframework\spring-websocket\6.1.1\spring-websocket-6.1.1.jar;D:\Project resources\soft\repository\org\springframework\boot\spring-boot-starter-validation\3.2.0\spring-boot-starter-validation-3.2.0.jar;D:\Project resources\soft\repository\org\apache\tomcat\embed\tomcat-embed-el\10.1.16\tomcat-embed-el-10.1.16.jar;D:\Project resources\soft\repository\org\springframework\boot\spring-boot-starter-mail\3.2.0\spring-boot-starter-mail-3.2.0.jar;D:\Project resources\soft\repository\org\springframework\spring-context-support\6.1.1\spring-context-support-6.1.1.jar;D:\Project resources\soft\repository\org\eclipse\angus\jakarta.mail\2.0.2\jakarta.mail-2.0.2.jar;D:\Project resources\soft\repository\jakarta\activation\jakarta.activation-api\2.1.2\jakarta.activation-api-2.1.2.jar;D:\Project resources\soft\repository\org\eclipse\angus\angus-activation\2.0.1\angus-activation-2.0.1.jar;D:\Project resources\soft\repository\com\alibaba\easyexcel\3.3.2\easyexcel-3.3.2.jar;D:\Project resources\soft\repository\com\alibaba\easyexcel-core\3.3.2\easyexcel-core-3.3.2.jar;D:\Project resources\soft\repository\com\alibaba\easyexcel-support\3.3.2\easyexcel-support-3.3.2.jar;D:\Project resources\soft\repository\org\apache\poi\poi\4.1.2\poi-4.1.2.jar;D:\Project resources\soft\repository\commons-codec\commons-codec\1.16.0\commons-codec-1.16.0.jar;D:\Project resources\soft\repository\org\apache\commons\commons-collections4\4.4\commons-collections4-4.4.jar;D:\Project resources\soft\repository\org\apache\commons\commons-math3\3.6.1\commons-math3-3.6.1.jar;D:\Project resources\soft\repository\com\zaxxer\SparseBitSet\1.2\SparseBitSet-1.2.jar;D:\Project resources\soft\repository\org\apache\poi\poi-ooxml\4.1.2\poi-ooxml-4.1.2.jar;D:\Project resources\soft\repository\org\apache\commons\commons-compress\1.19\commons-compress-1.19.jar;D:\Project resources\soft\repository\com\github\virtuald\curvesapi\1.06\curvesapi-1.06.jar;D:\Project resources\soft\repository\org\apache\poi\poi-ooxml-schemas\4.1.2\poi-ooxml-schemas-4.1.2.jar;D:\Project resources\soft\repository\org\apache\xmlbeans\xmlbeans\3.1.0\xmlbeans-3.1.0.jar;D:\Project resources\soft\repository\org\apache\commons\commons-csv\1.8\commons-csv-1.8.jar;D:\Project resources\soft\repository\org\ehcache\ehcache\3.10.8\ehcache-3.10.8.jar;D:\Project resources\soft\repository\javax\cache\cache-api\1.1.1\cache-api-1.1.1.jar;D:\Project resources\soft\repository\commons-io\commons-io\2.11.0\commons-io-2.11.0.jar;D:\Project resources\soft\repository\cn\hutool\hutool-all\5.8.26\hutool-all-5.8.26.jar;D:\Project resources\soft\repository\org\projectlombok\lombok\1.18.30\lombok-1.18.30.jar;D:\Project resources\soft\repository\com\github\xiaoymin\knife4j-openapi3-jakarta-spring-boot-starter\4.5.0\knife4j-openapi3-jakarta-spring-boot-starter-4.5.0.jar;D:\Project resources\soft\repository\com\github\xiaoymin\knife4j-core\4.5.0\knife4j-core-4.5.0.jar;D:\Project resources\soft\repository\com\github\xiaoymin\knife4j-openapi3-ui\4.5.0\knife4j-openapi3-ui-4.5.0.jar;D:\Project resources\soft\repository\org\springdoc\springdoc-openapi-starter-webmvc-ui\2.3.0\springdoc-openapi-starter-webmvc-ui-2.3.0.jar;D:\Project resources\soft\repository\org\springdoc\springdoc-openapi-starter-webmvc-api\2.3.0\springdoc-openapi-starter-webmvc-api-2.3.0.jar;D:\Project resources\soft\repository\org\springdoc\springdoc-openapi-starter-common\2.3.0\springdoc-openapi-starter-common-2.3.0.jar;D:\Project resources\soft\repository\io\swagger\core\v3\swagger-core-jakarta\2.2.19\swagger-core-jakarta-2.2.19.jar;D:\Project resources\soft\repository\org\apache\commons\commons-lang3\3.13.0\commons-lang3-3.13.0.jar;D:\Project resources\soft\repository\io\swagger\core\v3\swagger-annotations-jakarta\2.2.19\swagger-annotations-jakarta-2.2.19.jar;D:\Project resources\soft\repository\io\swagger\core\v3\swagger-models-jakarta\2.2.19\swagger-models-jakarta-2.2.19.jar;D:\Project resources\soft\repository\com\fasterxml\jackson\dataformat\jackson-dataformat-yaml\2.15.3\jackson-dataformat-yaml-2.15.3.jar;D:\Project resources\soft\repository\org\webjars\swagger-ui\5.10.3\swagger-ui-5.10.3.jar;D:\Project resources\soft\repository\org\springframework\boot\spring-boot-starter-test\3.2.0\spring-boot-starter-test-3.2.0.jar;D:\Project resources\soft\repository\org\springframework\boot\spring-boot-test\3.2.0\spring-boot-test-3.2.0.jar;D:\Project resources\soft\repository\org\springframework\boot\spring-boot-test-autoconfigure\3.2.0\spring-boot-test-autoconfigure-3.2.0.jar;D:\Project resources\soft\repository\com\jayway\jsonpath\json-path\2.8.0\json-path-2.8.0.jar;D:\Project resources\soft\repository\jakarta\xml\bind\jakarta.xml.bind-api\4.0.1\jakarta.xml.bind-api-4.0.1.jar;D:\Project resources\soft\repository\net\minidev\json-smart\2.5.0\json-smart-2.5.0.jar;D:\Project resources\soft\repository\net\minidev\accessors-smart\2.5.0\accessors-smart-2.5.0.jar;D:\Project resources\soft\repository\org\ow2\asm\asm\9.3\asm-9.3.jar;D:\Project resources\soft\repository\org\assertj\assertj-core\3.24.2\assertj-core-3.24.2.jar;D:\Project resources\soft\repository\net\bytebuddy\byte-buddy\1.14.10\byte-buddy-1.14.10.jar;D:\Project resources\soft\repository\org\awaitility\awaitility\4.2.0\awaitility-4.2.0.jar;D:\Project resources\soft\repository\org\hamcrest\hamcrest\2.2\hamcrest-2.2.jar;D:\Project resources\soft\repository\org\junit\jupiter\junit-jupiter\5.10.1\junit-jupiter-5.10.1.jar;D:\Project resources\soft\repository\org\junit\jupiter\junit-jupiter-api\5.10.1\junit-jupiter-api-5.10.1.jar;D:\Project resources\soft\repository\org\opentest4j\opentest4j\1.3.0\opentest4j-1.3.0.jar;D:\Project resources\soft\repository\org\junit\platform\junit-platform-commons\1.10.1\junit-platform-commons-1.10.1.jar;D:\Project resources\soft\repository\org\apiguardian\apiguardian-api\1.1.2\apiguardian-api-1.1.2.jar;D:\Project resources\soft\repository\org\junit\jupiter\junit-jupiter-params\5.10.1\junit-jupiter-params-5.10.1.jar;D:\Project resources\soft\repository\org\junit\jupiter\junit-jupiter-engine\5.10.1\junit-jupiter-engine-5.10.1.jar;D:\Project resources\soft\repository\org\junit\platform\junit-platform-engine\1.10.1\junit-platform-engine-1.10.1.jar;D:\Project resources\soft\repository\org\mockito\mockito-core\5.7.0\mockito-core-5.7.0.jar;D:\Project resources\soft\repository\net\bytebuddy\byte-buddy-agent\1.14.10\byte-buddy-agent-1.14.10.jar;D:\Project resources\soft\repository\org\objenesis\objenesis\3.3\objenesis-3.3.jar;D:\Project resources\soft\repository\org\mockito\mockito-junit-jupiter\5.7.0\mockito-junit-jupiter-5.7.0.jar;D:\Project resources\soft\repository\org\skyscreamer\jsonassert\1.5.1\jsonassert-1.5.1.jar;D:\Project resources\soft\repository\com\vaadin\external\google\android-json\0.0.20131108.vaadin1\android-json-0.0.20131108.vaadin1.jar;D:\Project resources\soft\repository\org\springframework\spring-core\6.1.1\spring-core-6.1.1.jar;D:\Project resources\soft\repository\org\springframework\spring-jcl\6.1.1\spring-jcl-6.1.1.jar;D:\Project resources\soft\repository\org\springframework\spring-test\6.1.1\spring-test-6.1.1.jar;D:\Project resources\soft\repository\org\xmlunit\xmlunit-core\2.9.1\xmlunit-core-2.9.1.jar;D:\Project resources\soft\repository\org\springframework\security\spring-security-test\6.2.0\spring-security-test-6.2.0.jar;D:\Project resources\soft\repository\org\springframework\security\spring-security-core\6.2.0\spring-security-core-6.2.0.jar;D:\Project resources\soft\repository\org\springframework\security\spring-security-crypto\6.2.0\spring-security-crypto-6.2.0.jar;D:\Project resources\soft\repository\jakarta\validation\jakarta.validation-api\3.0.2\jakarta.validation-api-3.0.2.jar;D:\Project resources\soft\repository\jakarta\servlet\jakarta.servlet-api\6.0.0\jakarta.servlet-api-6.0.0.jar;D:\Project resources\soft\repository\org\hibernate\validator\hibernate-validator\8.0.1.Final\hibernate-validator-8.0.1.Final.jar;D:\Project resources\soft\repository\org\jboss\logging\jboss-logging\3.5.3.Final\jboss-logging-3.5.3.Final.jar;D:\Project resources\soft\repository\com\fasterxml\classmate\1.6.0\classmate-1.6.0.jar;D:\Project resources\soft\repository\org\springframework\boot\spring-boot-starter-data-jpa\3.2.0\spring-boot-starter-data-jpa-3.2.0.jar;D:\Project resources\soft\repository\org\springframework\boot\spring-boot-starter-aop\3.2.0\spring-boot-starter-aop-3.2.0.jar;D:\Project resources\soft\repository\org\aspectj\aspectjweaver\1.9.20.1\aspectjweaver-1.9.20.1.jar;D:\Project resources\soft\repository\org\hibernate\orm\hibernate-core\6.3.1.Final\hibernate-core-6.3.1.Final.jar;D:\Project resources\soft\repository\jakarta\persistence\jakarta.persistence-api\3.1.0\jakarta.persistence-api-3.1.0.jar;D:\Project resources\soft\repository\jakarta\transaction\jakarta.transaction-api\2.0.1\jakarta.transaction-api-2.0.1.jar;D:\Project resources\soft\repository\org\hibernate\common\hibernate-commons-annotations\6.0.6.Final\hibernate-commons-annotations-6.0.6.Final.jar;D:\Project resources\soft\repository\io\smallrye\jandex\3.1.2\jandex-3.1.2.jar;D:\Project resources\soft\repository\jakarta\inject\jakarta.inject-api\2.0.1\jakarta.inject-api-2.0.1.jar;D:\Project resources\soft\repository\org\antlr\antlr4-runtime\4.10.1\antlr4-runtime-4.10.1.jar;D:\Project resources\soft\repository\org\springframework\data\spring-data-jpa\3.2.0\spring-data-jpa-3.2.0.jar;D:\Project resources\soft\repository\org\springframework\data\spring-data-commons\3.2.0\spring-data-commons-3.2.0.jar;D:\Project resources\soft\repository\org\springframework\spring-orm\6.1.1\spring-orm-6.1.1.jar;D:\Project resources\soft\repository\org\springframework\spring-aspects\6.1.1\spring-aspects-6.1.1.jar;"/>
    <property name="java.vm.vendor" value="Oracle Corporation"/>
    <property name="sun.arch.data.model" value="64"/>
    <property name="user.variant" value=""/>
    <property name="java.vendor.url" value="https://java.oracle.com/"/>
    <property name="user.timezone" value="Asia/Shanghai"/>
    <property name="os.name" value="Windows 11"/>
    <property name="java.vm.specification.version" value="17"/>
    <property name="sun.java.launcher" value="SUN_STANDARD"/>
    <property name="user.country" value="CN"/>
    <property name="sun.boot.library.path" value="C:\Program Files\Java\jdk-17\bin"/>
    <property name="sun.java.command" value="C:\Users\YnLM\AppData\Local\Temp\surefire6949979367916308091\surefirebooter-20250422220818498_3.jar C:\Users\YnLM\AppData\Local\Temp\surefire6949979367916308091 2025-04-22T22-08-18_298-jvmRun1 surefire-20250422220818498_1tmp surefire_0-20250422220818498_2tmp"/>
    <property name="jdk.debug" value="release"/>
    <property name="surefire.test.class.path" value="C:\Users\YnLM\Desktop\BISHE\project\eaps\target\test-classes;C:\Users\YnLM\Desktop\BISHE\project\eaps\target\classes;D:\Project resources\soft\repository\org\springframework\boot\spring-boot-starter-web\3.2.0\spring-boot-starter-web-3.2.0.jar;D:\Project resources\soft\repository\org\springframework\boot\spring-boot-starter\3.2.0\spring-boot-starter-3.2.0.jar;D:\Project resources\soft\repository\org\springframework\boot\spring-boot\3.2.0\spring-boot-3.2.0.jar;D:\Project resources\soft\repository\org\springframework\boot\spring-boot-starter-logging\3.2.0\spring-boot-starter-logging-3.2.0.jar;D:\Project resources\soft\repository\ch\qos\logback\logback-classic\1.4.11\logback-classic-1.4.11.jar;D:\Project resources\soft\repository\ch\qos\logback\logback-core\1.4.11\logback-core-1.4.11.jar;D:\Project resources\soft\repository\org\apache\logging\log4j\log4j-to-slf4j\2.21.1\log4j-to-slf4j-2.21.1.jar;D:\Project resources\soft\repository\org\apache\logging\log4j\log4j-api\2.21.1\log4j-api-2.21.1.jar;D:\Project resources\soft\repository\org\slf4j\jul-to-slf4j\2.0.9\jul-to-slf4j-2.0.9.jar;D:\Project resources\soft\repository\jakarta\annotation\jakarta.annotation-api\2.1.1\jakarta.annotation-api-2.1.1.jar;D:\Project resources\soft\repository\org\yaml\snakeyaml\2.2\snakeyaml-2.2.jar;D:\Project resources\soft\repository\org\springframework\boot\spring-boot-starter-json\3.2.0\spring-boot-starter-json-3.2.0.jar;D:\Project resources\soft\repository\com\fasterxml\jackson\datatype\jackson-datatype-jdk8\2.15.3\jackson-datatype-jdk8-2.15.3.jar;D:\Project resources\soft\repository\com\fasterxml\jackson\datatype\jackson-datatype-jsr310\2.15.3\jackson-datatype-jsr310-2.15.3.jar;D:\Project resources\soft\repository\com\fasterxml\jackson\module\jackson-module-parameter-names\2.15.3\jackson-module-parameter-names-2.15.3.jar;D:\Project resources\soft\repository\org\springframework\boot\spring-boot-starter-tomcat\3.2.0\spring-boot-starter-tomcat-3.2.0.jar;D:\Project resources\soft\repository\org\apache\tomcat\embed\tomcat-embed-core\10.1.16\tomcat-embed-core-10.1.16.jar;D:\Project resources\soft\repository\org\apache\tomcat\embed\tomcat-embed-websocket\10.1.16\tomcat-embed-websocket-10.1.16.jar;D:\Project resources\soft\repository\org\springframework\spring-web\6.1.1\spring-web-6.1.1.jar;D:\Project resources\soft\repository\org\springframework\spring-beans\6.1.1\spring-beans-6.1.1.jar;D:\Project resources\soft\repository\io\micrometer\micrometer-observation\1.12.0\micrometer-observation-1.12.0.jar;D:\Project resources\soft\repository\io\micrometer\micrometer-commons\1.12.0\micrometer-commons-1.12.0.jar;D:\Project resources\soft\repository\org\springframework\spring-webmvc\6.1.1\spring-webmvc-6.1.1.jar;D:\Project resources\soft\repository\org\springframework\spring-context\6.1.1\spring-context-6.1.1.jar;D:\Project resources\soft\repository\org\springframework\spring-expression\6.1.1\spring-expression-6.1.1.jar;D:\Project resources\soft\repository\com\mysql\mysql-connector-j\8.1.0\mysql-connector-j-8.1.0.jar;D:\Project resources\soft\repository\com\baomidou\mybatis-plus-boot-starter\3.5.5\mybatis-plus-boot-starter-3.5.5.jar;D:\Project resources\soft\repository\com\baomidou\mybatis-plus\3.5.5\mybatis-plus-3.5.5.jar;D:\Project resources\soft\repository\com\baomidou\mybatis-plus-core\3.5.5\mybatis-plus-core-3.5.5.jar;D:\Project resources\soft\repository\com\baomidou\mybatis-plus-annotation\3.5.5\mybatis-plus-annotation-3.5.5.jar;D:\Project resources\soft\repository\com\baomidou\mybatis-plus-extension\3.5.5\mybatis-plus-extension-3.5.5.jar;D:\Project resources\soft\repository\org\mybatis\mybatis\3.5.15\mybatis-3.5.15.jar;D:\Project resources\soft\repository\com\github\jsqlparser\jsqlparser\4.6\jsqlparser-4.6.jar;D:\Project resources\soft\repository\com\baomidou\mybatis-plus-spring-boot-autoconfigure\3.5.5\mybatis-plus-spring-boot-autoconfigure-3.5.5.jar;D:\Project resources\soft\repository\org\springframework\boot\spring-boot-autoconfigure\3.2.0\spring-boot-autoconfigure-3.2.0.jar;D:\Project resources\soft\repository\org\springframework\boot\spring-boot-starter-jdbc\3.2.0\spring-boot-starter-jdbc-3.2.0.jar;D:\Project resources\soft\repository\com\zaxxer\HikariCP\5.0.1\HikariCP-5.0.1.jar;D:\Project resources\soft\repository\org\springframework\spring-jdbc\6.1.1\spring-jdbc-6.1.1.jar;D:\Project resources\soft\repository\com\alibaba\druid-spring-boot-starter\1.2.22\druid-spring-boot-starter-1.2.22.jar;D:\Project resources\soft\repository\com\alibaba\druid\1.2.22\druid-1.2.22.jar;D:\Project resources\soft\repository\org\slf4j\slf4j-api\2.0.9\slf4j-api-2.0.9.jar;D:\Project resources\soft\repository\org\glassfish\jaxb\jaxb-runtime\4.0.4\jaxb-runtime-4.0.4.jar;D:\Project resources\soft\repository\org\glassfish\jaxb\jaxb-core\4.0.4\jaxb-core-4.0.4.jar;D:\Project resources\soft\repository\org\glassfish\jaxb\txw2\4.0.4\txw2-4.0.4.jar;D:\Project resources\soft\repository\com\sun\istack\istack-commons-runtime\4.1.2\istack-commons-runtime-4.1.2.jar;D:\Project resources\soft\repository\org\mybatis\mybatis-spring\3.0.3\mybatis-spring-3.0.3.jar;D:\Project resources\soft\repository\org\springframework\boot\spring-boot-starter-data-redis\3.2.0\spring-boot-starter-data-redis-3.2.0.jar;D:\Project resources\soft\repository\io\lettuce\lettuce-core\6.3.0.RELEASE\lettuce-core-6.3.0.RELEASE.jar;D:\Project resources\soft\repository\io\netty\netty-common\4.1.101.Final\netty-common-4.1.101.Final.jar;D:\Project resources\soft\repository\io\netty\netty-handler\4.1.101.Final\netty-handler-4.1.101.Final.jar;D:\Project resources\soft\repository\io\netty\netty-resolver\4.1.101.Final\netty-resolver-4.1.101.Final.jar;D:\Project resources\soft\repository\io\netty\netty-buffer\4.1.101.Final\netty-buffer-4.1.101.Final.jar;D:\Project resources\soft\repository\io\netty\netty-transport-native-unix-common\4.1.101.Final\netty-transport-native-unix-common-4.1.101.Final.jar;D:\Project resources\soft\repository\io\netty\netty-codec\4.1.101.Final\netty-codec-4.1.101.Final.jar;D:\Project resources\soft\repository\io\netty\netty-transport\4.1.101.Final\netty-transport-4.1.101.Final.jar;D:\Project resources\soft\repository\io\projectreactor\reactor-core\3.6.0\reactor-core-3.6.0.jar;D:\Project resources\soft\repository\org\reactivestreams\reactive-streams\1.0.4\reactive-streams-1.0.4.jar;D:\Project resources\soft\repository\org\springframework\data\spring-data-redis\3.2.0\spring-data-redis-3.2.0.jar;D:\Project resources\soft\repository\org\springframework\data\spring-data-keyvalue\3.2.0\spring-data-keyvalue-3.2.0.jar;D:\Project resources\soft\repository\org\springframework\spring-tx\6.1.1\spring-tx-6.1.1.jar;D:\Project resources\soft\repository\org\springframework\spring-oxm\6.1.1\spring-oxm-6.1.1.jar;D:\Project resources\soft\repository\org\springframework\boot\spring-boot-starter-security\3.2.0\spring-boot-starter-security-3.2.0.jar;D:\Project resources\soft\repository\org\springframework\spring-aop\6.1.1\spring-aop-6.1.1.jar;D:\Project resources\soft\repository\org\springframework\security\spring-security-config\6.2.0\spring-security-config-6.2.0.jar;D:\Project resources\soft\repository\org\springframework\security\spring-security-web\6.2.0\spring-security-web-6.2.0.jar;D:\Project resources\soft\repository\io\jsonwebtoken\jjwt-api\0.12.3\jjwt-api-0.12.3.jar;D:\Project resources\soft\repository\io\jsonwebtoken\jjwt-impl\0.12.3\jjwt-impl-0.12.3.jar;D:\Project resources\soft\repository\io\jsonwebtoken\jjwt-jackson\0.12.3\jjwt-jackson-0.12.3.jar;D:\Project resources\soft\repository\com\fasterxml\jackson\core\jackson-databind\2.15.3\jackson-databind-2.15.3.jar;D:\Project resources\soft\repository\com\fasterxml\jackson\core\jackson-annotations\2.15.3\jackson-annotations-2.15.3.jar;D:\Project resources\soft\repository\com\fasterxml\jackson\core\jackson-core\2.15.3\jackson-core-2.15.3.jar;D:\Project resources\soft\repository\org\springframework\boot\spring-boot-starter-websocket\3.2.0\spring-boot-starter-websocket-3.2.0.jar;D:\Project resources\soft\repository\org\springframework\spring-messaging\6.1.1\spring-messaging-6.1.1.jar;D:\Project resources\soft\repository\org\springframework\spring-websocket\6.1.1\spring-websocket-6.1.1.jar;D:\Project resources\soft\repository\org\springframework\boot\spring-boot-starter-validation\3.2.0\spring-boot-starter-validation-3.2.0.jar;D:\Project resources\soft\repository\org\apache\tomcat\embed\tomcat-embed-el\10.1.16\tomcat-embed-el-10.1.16.jar;D:\Project resources\soft\repository\org\springframework\boot\spring-boot-starter-mail\3.2.0\spring-boot-starter-mail-3.2.0.jar;D:\Project resources\soft\repository\org\springframework\spring-context-support\6.1.1\spring-context-support-6.1.1.jar;D:\Project resources\soft\repository\org\eclipse\angus\jakarta.mail\2.0.2\jakarta.mail-2.0.2.jar;D:\Project resources\soft\repository\jakarta\activation\jakarta.activation-api\2.1.2\jakarta.activation-api-2.1.2.jar;D:\Project resources\soft\repository\org\eclipse\angus\angus-activation\2.0.1\angus-activation-2.0.1.jar;D:\Project resources\soft\repository\com\alibaba\easyexcel\3.3.2\easyexcel-3.3.2.jar;D:\Project resources\soft\repository\com\alibaba\easyexcel-core\3.3.2\easyexcel-core-3.3.2.jar;D:\Project resources\soft\repository\com\alibaba\easyexcel-support\3.3.2\easyexcel-support-3.3.2.jar;D:\Project resources\soft\repository\org\apache\poi\poi\4.1.2\poi-4.1.2.jar;D:\Project resources\soft\repository\commons-codec\commons-codec\1.16.0\commons-codec-1.16.0.jar;D:\Project resources\soft\repository\org\apache\commons\commons-collections4\4.4\commons-collections4-4.4.jar;D:\Project resources\soft\repository\org\apache\commons\commons-math3\3.6.1\commons-math3-3.6.1.jar;D:\Project resources\soft\repository\com\zaxxer\SparseBitSet\1.2\SparseBitSet-1.2.jar;D:\Project resources\soft\repository\org\apache\poi\poi-ooxml\4.1.2\poi-ooxml-4.1.2.jar;D:\Project resources\soft\repository\org\apache\commons\commons-compress\1.19\commons-compress-1.19.jar;D:\Project resources\soft\repository\com\github\virtuald\curvesapi\1.06\curvesapi-1.06.jar;D:\Project resources\soft\repository\org\apache\poi\poi-ooxml-schemas\4.1.2\poi-ooxml-schemas-4.1.2.jar;D:\Project resources\soft\repository\org\apache\xmlbeans\xmlbeans\3.1.0\xmlbeans-3.1.0.jar;D:\Project resources\soft\repository\org\apache\commons\commons-csv\1.8\commons-csv-1.8.jar;D:\Project resources\soft\repository\org\ehcache\ehcache\3.10.8\ehcache-3.10.8.jar;D:\Project resources\soft\repository\javax\cache\cache-api\1.1.1\cache-api-1.1.1.jar;D:\Project resources\soft\repository\commons-io\commons-io\2.11.0\commons-io-2.11.0.jar;D:\Project resources\soft\repository\cn\hutool\hutool-all\5.8.26\hutool-all-5.8.26.jar;D:\Project resources\soft\repository\org\projectlombok\lombok\1.18.30\lombok-1.18.30.jar;D:\Project resources\soft\repository\com\github\xiaoymin\knife4j-openapi3-jakarta-spring-boot-starter\4.5.0\knife4j-openapi3-jakarta-spring-boot-starter-4.5.0.jar;D:\Project resources\soft\repository\com\github\xiaoymin\knife4j-core\4.5.0\knife4j-core-4.5.0.jar;D:\Project resources\soft\repository\com\github\xiaoymin\knife4j-openapi3-ui\4.5.0\knife4j-openapi3-ui-4.5.0.jar;D:\Project resources\soft\repository\org\springdoc\springdoc-openapi-starter-webmvc-ui\2.3.0\springdoc-openapi-starter-webmvc-ui-2.3.0.jar;D:\Project resources\soft\repository\org\springdoc\springdoc-openapi-starter-webmvc-api\2.3.0\springdoc-openapi-starter-webmvc-api-2.3.0.jar;D:\Project resources\soft\repository\org\springdoc\springdoc-openapi-starter-common\2.3.0\springdoc-openapi-starter-common-2.3.0.jar;D:\Project resources\soft\repository\io\swagger\core\v3\swagger-core-jakarta\2.2.19\swagger-core-jakarta-2.2.19.jar;D:\Project resources\soft\repository\org\apache\commons\commons-lang3\3.13.0\commons-lang3-3.13.0.jar;D:\Project resources\soft\repository\io\swagger\core\v3\swagger-annotations-jakarta\2.2.19\swagger-annotations-jakarta-2.2.19.jar;D:\Project resources\soft\repository\io\swagger\core\v3\swagger-models-jakarta\2.2.19\swagger-models-jakarta-2.2.19.jar;D:\Project resources\soft\repository\com\fasterxml\jackson\dataformat\jackson-dataformat-yaml\2.15.3\jackson-dataformat-yaml-2.15.3.jar;D:\Project resources\soft\repository\org\webjars\swagger-ui\5.10.3\swagger-ui-5.10.3.jar;D:\Project resources\soft\repository\org\springframework\boot\spring-boot-starter-test\3.2.0\spring-boot-starter-test-3.2.0.jar;D:\Project resources\soft\repository\org\springframework\boot\spring-boot-test\3.2.0\spring-boot-test-3.2.0.jar;D:\Project resources\soft\repository\org\springframework\boot\spring-boot-test-autoconfigure\3.2.0\spring-boot-test-autoconfigure-3.2.0.jar;D:\Project resources\soft\repository\com\jayway\jsonpath\json-path\2.8.0\json-path-2.8.0.jar;D:\Project resources\soft\repository\jakarta\xml\bind\jakarta.xml.bind-api\4.0.1\jakarta.xml.bind-api-4.0.1.jar;D:\Project resources\soft\repository\net\minidev\json-smart\2.5.0\json-smart-2.5.0.jar;D:\Project resources\soft\repository\net\minidev\accessors-smart\2.5.0\accessors-smart-2.5.0.jar;D:\Project resources\soft\repository\org\ow2\asm\asm\9.3\asm-9.3.jar;D:\Project resources\soft\repository\org\assertj\assertj-core\3.24.2\assertj-core-3.24.2.jar;D:\Project resources\soft\repository\net\bytebuddy\byte-buddy\1.14.10\byte-buddy-1.14.10.jar;D:\Project resources\soft\repository\org\awaitility\awaitility\4.2.0\awaitility-4.2.0.jar;D:\Project resources\soft\repository\org\hamcrest\hamcrest\2.2\hamcrest-2.2.jar;D:\Project resources\soft\repository\org\junit\jupiter\junit-jupiter\5.10.1\junit-jupiter-5.10.1.jar;D:\Project resources\soft\repository\org\junit\jupiter\junit-jupiter-api\5.10.1\junit-jupiter-api-5.10.1.jar;D:\Project resources\soft\repository\org\opentest4j\opentest4j\1.3.0\opentest4j-1.3.0.jar;D:\Project resources\soft\repository\org\junit\platform\junit-platform-commons\1.10.1\junit-platform-commons-1.10.1.jar;D:\Project resources\soft\repository\org\apiguardian\apiguardian-api\1.1.2\apiguardian-api-1.1.2.jar;D:\Project resources\soft\repository\org\junit\jupiter\junit-jupiter-params\5.10.1\junit-jupiter-params-5.10.1.jar;D:\Project resources\soft\repository\org\junit\jupiter\junit-jupiter-engine\5.10.1\junit-jupiter-engine-5.10.1.jar;D:\Project resources\soft\repository\org\junit\platform\junit-platform-engine\1.10.1\junit-platform-engine-1.10.1.jar;D:\Project resources\soft\repository\org\mockito\mockito-core\5.7.0\mockito-core-5.7.0.jar;D:\Project resources\soft\repository\net\bytebuddy\byte-buddy-agent\1.14.10\byte-buddy-agent-1.14.10.jar;D:\Project resources\soft\repository\org\objenesis\objenesis\3.3\objenesis-3.3.jar;D:\Project resources\soft\repository\org\mockito\mockito-junit-jupiter\5.7.0\mockito-junit-jupiter-5.7.0.jar;D:\Project resources\soft\repository\org\skyscreamer\jsonassert\1.5.1\jsonassert-1.5.1.jar;D:\Project resources\soft\repository\com\vaadin\external\google\android-json\0.0.20131108.vaadin1\android-json-0.0.20131108.vaadin1.jar;D:\Project resources\soft\repository\org\springframework\spring-core\6.1.1\spring-core-6.1.1.jar;D:\Project resources\soft\repository\org\springframework\spring-jcl\6.1.1\spring-jcl-6.1.1.jar;D:\Project resources\soft\repository\org\springframework\spring-test\6.1.1\spring-test-6.1.1.jar;D:\Project resources\soft\repository\org\xmlunit\xmlunit-core\2.9.1\xmlunit-core-2.9.1.jar;D:\Project resources\soft\repository\org\springframework\security\spring-security-test\6.2.0\spring-security-test-6.2.0.jar;D:\Project resources\soft\repository\org\springframework\security\spring-security-core\6.2.0\spring-security-core-6.2.0.jar;D:\Project resources\soft\repository\org\springframework\security\spring-security-crypto\6.2.0\spring-security-crypto-6.2.0.jar;D:\Project resources\soft\repository\jakarta\validation\jakarta.validation-api\3.0.2\jakarta.validation-api-3.0.2.jar;D:\Project resources\soft\repository\jakarta\servlet\jakarta.servlet-api\6.0.0\jakarta.servlet-api-6.0.0.jar;D:\Project resources\soft\repository\org\hibernate\validator\hibernate-validator\8.0.1.Final\hibernate-validator-8.0.1.Final.jar;D:\Project resources\soft\repository\org\jboss\logging\jboss-logging\3.5.3.Final\jboss-logging-3.5.3.Final.jar;D:\Project resources\soft\repository\com\fasterxml\classmate\1.6.0\classmate-1.6.0.jar;D:\Project resources\soft\repository\org\springframework\boot\spring-boot-starter-data-jpa\3.2.0\spring-boot-starter-data-jpa-3.2.0.jar;D:\Project resources\soft\repository\org\springframework\boot\spring-boot-starter-aop\3.2.0\spring-boot-starter-aop-3.2.0.jar;D:\Project resources\soft\repository\org\aspectj\aspectjweaver\1.9.20.1\aspectjweaver-1.9.20.1.jar;D:\Project resources\soft\repository\org\hibernate\orm\hibernate-core\6.3.1.Final\hibernate-core-6.3.1.Final.jar;D:\Project resources\soft\repository\jakarta\persistence\jakarta.persistence-api\3.1.0\jakarta.persistence-api-3.1.0.jar;D:\Project resources\soft\repository\jakarta\transaction\jakarta.transaction-api\2.0.1\jakarta.transaction-api-2.0.1.jar;D:\Project resources\soft\repository\org\hibernate\common\hibernate-commons-annotations\6.0.6.Final\hibernate-commons-annotations-6.0.6.Final.jar;D:\Project resources\soft\repository\io\smallrye\jandex\3.1.2\jandex-3.1.2.jar;D:\Project resources\soft\repository\jakarta\inject\jakarta.inject-api\2.0.1\jakarta.inject-api-2.0.1.jar;D:\Project resources\soft\repository\org\antlr\antlr4-runtime\4.10.1\antlr4-runtime-4.10.1.jar;D:\Project resources\soft\repository\org\springframework\data\spring-data-jpa\3.2.0\spring-data-jpa-3.2.0.jar;D:\Project resources\soft\repository\org\springframework\data\spring-data-commons\3.2.0\spring-data-commons-3.2.0.jar;D:\Project resources\soft\repository\org\springframework\spring-orm\6.1.1\spring-orm-6.1.1.jar;D:\Project resources\soft\repository\org\springframework\spring-aspects\6.1.1\spring-aspects-6.1.1.jar;"/>
    <property name="sun.cpu.endian" value="little"/>
    <property name="user.home" value="C:\Users\YnLM"/>
    <property name="user.language" value="zh"/>
    <property name="java.specification.vendor" value="Oracle Corporation"/>
    <property name="java.version.date" value="2024-01-16"/>
    <property name="java.home" value="C:\Program Files\Java\jdk-17"/>
    <property name="file.separator" value="\"/>
    <property name="basedir" value="C:\Users\YnLM\Desktop\BISHE\project\eaps"/>
    <property name="java.vm.compressedOopsMode" value="Zero based"/>
    <property name="line.separator" value="&#10;"/>
    <property name="java.vm.specification.vendor" value="Oracle Corporation"/>
    <property name="java.specification.name" value="Java Platform API Specification"/>
    <property name="surefire.real.class.path" value="C:\Users\YnLM\AppData\Local\Temp\surefire6949979367916308091\surefirebooter-20250422220818498_3.jar"/>
    <property name="user.script" value=""/>
    <property name="sun.management.compiler" value="HotSpot 64-Bit Tiered Compilers"/>
    <property name="java.runtime.version" value="17.0.10+11-LTS-240"/>
    <property name="user.name" value="亦年"/>
    <property name="path.separator" value=";"/>
    <property name="os.version" value="10.0"/>
    <property name="java.runtime.name" value="Java(TM) SE Runtime Environment"/>
    <property name="file.encoding" value="GBK"/>
    <property name="java.vm.name" value="Java HotSpot(TM) 64-Bit Server VM"/>
    <property name="localRepository" value="D:\Project resources\soft\repository"/>
    <property name="java.vendor.url.bug" value="https://bugreport.java.com/bugreport/"/>
    <property name="java.io.tmpdir" value="C:\Users\YnLM\AppData\Local\Temp\"/>
    <property name="java.version" value="17.0.10"/>
    <property name="user.dir" value="C:\Users\YnLM\Desktop\BISHE\project\eaps"/>
    <property name="os.arch" value="amd64"/>
    <property name="java.vm.specification.name" value="Java Virtual Machine Specification"/>
    <property name="sun.os.patch.level" value=""/>
    <property name="native.encoding" value="GBK"/>
    <property name="java.library.path" value="C:\Program Files\Java\jdk-17\bin;C:\WINDOWS\Sun\Java\bin;C:\WINDOWS\system32;C:\WINDOWS;D:\DB\Oracle\WINDOWS.X64_193000_db_home\bin;D:\Study software\python\Scripts\;D:\Study software\python\;F:\n\pj\xnj\VMware Workstation\bin\;C:\Program Files\Java\jdk-17\bin;C:\Program Files\Common Files\Oracle\Java\javapath;C:\Program Files (x86)\Common Files\Oracle\Java\java8path;C:\Program Files (x86)\Common Files\Oracle\Java\javapath;C:\Windows\system32;C:\Windows;C:\Windows\System32\Wbem;C:\Windows\System32\WindowsPowerShell\v1.0\;C:\Windows\System32\OpenSSH\;C:\Program Files (x86)\NVIDIA Corporation\PhysX\Common;C:\Program Files\dotnet\;C:\Users\亦年\AppData\Local\Microsoft\WindowsApps;C;\Users\亦年\.dotnet\tools;D;\Users\亦年\AppData\Local\Programs\Microsoft VS Code\bin;\;rogram Files\Microsoft SQL Server\130\Tools\Binn\;C:\Program Files\Microsoft SQL Server\Client SDK\ODBC\170\Tools\Binn\;C:\WINDOWS\system32;C:\WINDOWS;C:\WINDOWS\System32\Wbem;C:\WINDOWS\System32\WindowsPowerShell\v1.0\;C:\WINDOWS\System32\OpenSSH\;D:\TOOl\AMD\ATI.ACE\Core-Static;C:\Program Files (x86)\AMD\ATI.ACE\Core-Static;D:\Project resources\soft\apache-maven-3.5.4-bin\apache-maven-3.5.4\bin;C:\Program Files\MySQL\MySQL Server 5.7\bin\;D:\Study software\nodejs\;C:\Program Files\NVIDIA Corporation\NVIDIA app\NvDLISR;d:\Study software\cursor\resources\app\bin;C:\Program Files\Git\cmd;D:\Study software\redis\Redis-7.4.2-Windows-x64-msys2-with-Service;C:\Users\YnLM\AppData\Local\Microsoft\WindowsApps;C:\Program Files\Java\jdk-18.0.2.1\bin;D:\Study software\Microsoft VS Code\Microsoft VS Code\bin;C:\Users\YnLM\AppData\Local\spicetify;C:\Users\YnLM\AppData\Local\Microsoft\WindowsApps;;D:\Study software\IntelliJ IDEA 2023.3\bin;;C:\Users\YnLM\AppData\Roaming\npm;D:\Study software\cursor\resources\app\bin;."/>
    <property name="java.vm.info" value="mixed mode, sharing"/>
    <property name="java.vendor" value="Oracle Corporation"/>
    <property name="java.vm.version" value="17.0.10+11-LTS-240"/>
    <property name="sun.io.unicode.encoding" value="UnicodeLittle"/>
    <property name="java.class.version" value="61.0"/>
  </properties>
  <testcase name="whenDeleteUser_thenVerifyDeletion" classname="com.fq.yznu.eaps.service.UserServiceTest" time="0.101"/>
  <testcase name="whenFindByUsername_thenReturnUser" classname="com.fq.yznu.eaps.service.UserServiceTest" time="0.027"/>
  <testcase name="whenSaveUser_thenReturnSavedUser" classname="com.fq.yznu.eaps.service.UserServiceTest" time="0.004"/>
  <testcase name="whenChangePassword_thenVerifyPasswordChange" classname="com.fq.yznu.eaps.service.UserServiceTest" time="0.002"/>
  <testcase name="whenUpdateUser_thenReturnUpdatedUser" classname="com.fq.yznu.eaps.service.UserServiceTest" time="0.003"/>
</testsuite>